[debug] [2020-10-25T10:54:34.585Z] ----------------------------------------------------------------------
[debug] [2020-10-25T10:54:34.589Z] Command:       C:\Program Files\nodejs\node.exe C:\Users\ps-ms-bc\AppData\Roaming\npm\node_modules\firebase-tools\lib\bin\firebase.js emulators:start
[debug] [2020-10-25T10:54:34.589Z] CLI Version:   8.13.1
[debug] [2020-10-25T10:54:34.589Z] Platform:      win32
[debug] [2020-10-25T10:54:34.589Z] Node Version:  v12.16.2
[debug] [2020-10-25T10:54:34.593Z] Time:          Sun Oct 25 2020 16:24:34 GMT+0530 (India Standard Time)
[debug] [2020-10-25T10:54:34.593Z] ----------------------------------------------------------------------
[debug] [2020-10-25T10:54:34.593Z] 
[debug] [2020-10-25T10:54:34.612Z] > command requires scopes: ["email","openid","https://www.googleapis.com/auth/cloudplatformprojects.readonly","https://www.googleapis.com/auth/firebase","https://www.googleapis.com/auth/cloud-platform"]
[debug] [2020-10-25T10:54:34.614Z] > authorizing via signed-in user
[info] i  emulators: Starting emulators: functions, hosting {"metadata":{"emulator":{"name":"hub"},"message":"Starting emulators: functions, hosting"}}
[debug] [2020-10-25T10:54:35.712Z] [hub] writing locator at C:\Users\ps-ms-bc\AppData\Local\Temp\hub-ecom-store-b501f.json
[warn] !  functions: The following emulators are not running, calls to these services from the Functions emulator will affect production: auth, firestore, database, pubsub {"metadata":{"emulator":{"name":"functions"},"message":"The following emulators are not running, calls to these services from the Functions emulator will affect production: \u001b[1mauth, firestore, database, pubsub\u001b[22m"}}
[info] +  functions: Using node@12 from host. {"metadata":{"emulator":{"name":"functions"},"message":"Using node@12 from host."}}
[debug] [2020-10-25T10:54:36.800Z] defaultcredentials: writing to file C:\Users\ps-ms-bc\AppData\Roaming\firebase\ajilann123_gmail_com_application_default_credentials.json
[debug] [2020-10-25T10:54:36.815Z] Setting GAC to C:\Users\ps-ms-bc\AppData\Roaming\firebase\ajilann123_gmail_com_application_default_credentials.json {"metadata":{"emulator":{"name":"functions"},"message":"Setting GAC to C:\\Users\\ps-ms-bc\\AppData\\Roaming\\firebase\\ajilann123_gmail_com_application_default_credentials.json"}}
[debug] [2020-10-25T10:54:37.872Z] > refreshing access token with scopes: ["email","https://www.googleapis.com/auth/cloud-platform","https://www.googleapis.com/auth/cloudplatformprojects.readonly","https://www.googleapis.com/auth/firebase","openid"]
[debug] [2020-10-25T10:54:37.873Z] >>> HTTP REQUEST POST https://www.googleapis.com/oauth2/v3/token  
 <request body omitted>
[debug] [2020-10-25T10:54:38.314Z] <<< HTTP RESPONSE 200 {"pragma":"no-cache","date":"Sun, 25 Oct 2020 10:58:37 GMT","expires":"Mon, 01 Jan 1990 00:00:00 GMT","cache-control":"no-cache, no-store, max-age=0, must-revalidate","content-type":"application/json; charset=utf-8","vary":"X-Origin, Referer, Origin,Accept-Encoding","server":"scaffolding on HTTPServer2","x-xss-protection":"0","x-frame-options":"SAMEORIGIN","x-content-type-options":"nosniff","alt-svc":"h3-Q050=\":443\"; ma=2592000,h3-29=\":443\"; ma=2592000,h3-T051=\":443\"; ma=2592000,h3-T050=\":443\"; ma=2592000,h3-Q046=\":443\"; ma=2592000,h3-Q043=\":443\"; ma=2592000,quic=\":443\"; ma=2592000; v=\"46,43\"","accept-ranges":"none","transfer-encoding":"chunked"}
[debug] [2020-10-25T10:54:38.388Z] >>> HTTP REQUEST GET https://firebase.googleapis.com/v1beta1/projects/ecom-store-b501f/webApps/-/config  
 
[debug] [2020-10-25T10:54:39.889Z] <<< HTTP RESPONSE 200 {"content-type":"application/json; charset=UTF-8","vary":"X-Origin, Referer, Origin,Accept-Encoding","date":"Sun, 25 Oct 2020 10:58:39 GMT","server":"ESF","cache-control":"private","x-xss-protection":"0","x-frame-options":"SAMEORIGIN","x-content-type-options":"nosniff","alt-svc":"h3-Q050=\":443\"; ma=2592000,h3-29=\":443\"; ma=2592000,h3-T051=\":443\"; ma=2592000,h3-T050=\":443\"; ma=2592000,h3-Q046=\":443\"; ma=2592000,h3-Q043=\":443\"; ma=2592000,quic=\":443\"; ma=2592000; v=\"46,43\"","accept-ranges":"none","transfer-encoding":"chunked"}
[info] i  hosting: Serving hosting files from: build {"metadata":{"emulator":{"name":"hosting"},"message":"Serving hosting files from: \u001b[1mbuild\u001b[22m"}}
[info] +  hosting: Local server: http://localhost:5000 {"metadata":{"emulator":{"name":"hosting"},"message":"Local server: \u001b[4m\u001b[1mhttp://localhost:5000\u001b[22m\u001b[24m"}}
[debug] [2020-10-25T10:54:42.011Z] Ignoring unsupported arg: auto_download {"metadata":{"emulator":{"name":"ui"},"message":"Ignoring unsupported arg: auto_download"}}
[debug] [2020-10-25T10:54:42.011Z] Ignoring unsupported arg: port {"metadata":{"emulator":{"name":"ui"},"message":"Ignoring unsupported arg: port"}}
[debug] [2020-10-25T10:54:42.012Z] Starting Emulator UI with command {"binary":"node","args":["C:\\Users\\ps-ms-bc\\.cache\\firebase\\emulators\\ui-v1.1.1\\server.bundle.js"],"optionalArgs":[],"joinArgs":false} {"metadata":{"emulator":{"name":"ui"},"message":"Starting Emulator UI with command {\"binary\":\"node\",\"args\":[\"C:\\\\Users\\\\ps-ms-bc\\\\.cache\\\\firebase\\\\emulators\\\\ui-v1.1.1\\\\server.bundle.js\"],\"optionalArgs\":[],\"joinArgs\":false}"}}
[info] i  ui: Emulator UI logging to ui-debug.log {"metadata":{"emulator":{"name":"ui"},"message":"Emulator UI logging to \u001b[1mui-debug.log\u001b[22m"}}
[debug] [2020-10-25T10:54:42.309Z] Web / API server started at http://localhost:4000
 {"metadata":{"emulator":{"name":"ui"},"message":"Web / API server started at http://localhost:4000\n"}}
[info] i  functions: Watching "C:\Users\ps-ms-bc\Desktop\js test\amazon clone\ecom-store\functions" for Cloud Functions... {"metadata":{"emulator":{"name":"functions"},"message":"Watching \"C:\\Users\\ps-ms-bc\\Desktop\\js test\\amazon clone\\ecom-store\\functions\" for Cloud Functions..."}}
[debug] [2020-10-25T10:54:42.581Z] [worker-pool] addWorker(~diagnostic~) {"metadata":{"emulator":{"name":"functions"},"message":"[worker-pool] addWorker(~diagnostic~)"}}
[debug] [2020-10-25T10:54:42.582Z] [worker-pool] Adding worker with key ~diagnostic~, total=1 {"metadata":{"emulator":{"name":"functions"},"message":"[worker-pool] Adding worker with key ~diagnostic~, total=1"}}
[debug] [2020-10-25T10:54:42.583Z] [worker-pool] submitWork(triggerId=) {"metadata":{"emulator":{"name":"functions"},"message":"[worker-pool] submitWork(triggerId=)"}}
[debug] [2020-10-25T10:54:42.584Z] [worker-~diagnostic~-0ce0af30-22da-45eb-a36b-6c874c53c577]: Assigning socketPath: \\?\pipe\C:\Users\ps-ms-bc\Desktop\js test\amazon clone\ecom-store\functions\7604 {"metadata":{"emulator":{"name":"functions"},"message":"[worker-~diagnostic~-0ce0af30-22da-45eb-a36b-6c874c53c577]: Assigning socketPath: \\\\?\\pipe\\C:\\Users\\ps-ms-bc\\Desktop\\js test\\amazon clone\\ecom-store\\functions\\7604"}}
[debug] [2020-10-25T10:54:42.585Z] [worker-~diagnostic~-0ce0af30-22da-45eb-a36b-6c874c53c577]: BUSY {"metadata":{"emulator":{"name":"functions"},"message":"[worker-~diagnostic~-0ce0af30-22da-45eb-a36b-6c874c53c577]: BUSY"}}
[debug] [2020-10-25T10:54:43.788Z] [runtime-status] [7604] Functions runtime initialized. {"cwd":"C:\\Users\\ps-ms-bc\\Desktop\\js test\\amazon clone\\ecom-store\\functions","node_version":"12.16.2"} {"metadata":{"emulator":{"name":"functions"},"message":"[runtime-status] [7604] Functions runtime initialized. {\"cwd\":\"C:\\\\Users\\\\ps-ms-bc\\\\Desktop\\\\js test\\\\amazon clone\\\\ecom-store\\\\functions\",\"node_version\":\"12.16.2\"}"}}
[debug] [2020-10-25T10:54:43.796Z] [runtime-status] [7604] Disabled runtime features: undefined {"metadata":{"emulator":{"name":"functions"},"message":"[runtime-status] [7604] Disabled runtime features: undefined"}}
[debug] [2020-10-25T10:54:43.809Z] [runtime-status] [7604] Resolved module firebase-admin {"declared":true,"installed":true,"version":"9.3.0","resolution":"C:\\Users\\ps-ms-bc\\Desktop\\js test\\amazon clone\\ecom-store\\functions\\node_modules\\firebase-admin\\lib\\index.js"} {"metadata":{"emulator":{"name":"functions"},"message":"[runtime-status] [7604] Resolved module firebase-admin {\"declared\":true,\"installed\":true,\"version\":\"9.3.0\",\"resolution\":\"C:\\\\Users\\\\ps-ms-bc\\\\Desktop\\\\js test\\\\amazon clone\\\\ecom-store\\\\functions\\\\node_modules\\\\firebase-admin\\\\lib\\\\index.js\"}"}}
[debug] [2020-10-25T10:54:43.815Z] [runtime-status] [7604] Resolved module firebase-functions {"declared":true,"installed":true,"version":"3.11.0","resolution":"C:\\Users\\ps-ms-bc\\Desktop\\js test\\amazon clone\\ecom-store\\functions\\node_modules\\firebase-functions\\lib\\index.js"} {"metadata":{"emulator":{"name":"functions"},"message":"[runtime-status] [7604] Resolved module firebase-functions {\"declared\":true,\"installed\":true,\"version\":\"3.11.0\",\"resolution\":\"C:\\\\Users\\\\ps-ms-bc\\\\Desktop\\\\js test\\\\amazon clone\\\\ecom-store\\\\functions\\\\node_modules\\\\firebase-functions\\\\lib\\\\index.js\"}"}}
[debug] [2020-10-25T10:54:43.817Z] [runtime-status] [7604] Resolved module firebase-functions {"declared":true,"installed":true,"version":"3.11.0","resolution":"C:\\Users\\ps-ms-bc\\Desktop\\js test\\amazon clone\\ecom-store\\functions\\node_modules\\firebase-functions\\lib\\index.js"} {"metadata":{"emulator":{"name":"functions"},"message":"[runtime-status] [7604] Resolved module firebase-functions {\"declared\":true,\"installed\":true,\"version\":\"3.11.0\",\"resolution\":\"C:\\\\Users\\\\ps-ms-bc\\\\Desktop\\\\js test\\\\amazon clone\\\\ecom-store\\\\functions\\\\node_modules\\\\firebase-functions\\\\lib\\\\index.js\"}"}}
[debug] [2020-10-25T10:54:43.819Z] [runtime-status] [7604] Outgoing network have been stubbed. [{"name":"http","status":"mocked"},{"name":"http","status":"mocked"},{"name":"https","status":"mocked"},{"name":"https","status":"mocked"},{"name":"net","status":"mocked"}] {"metadata":{"emulator":{"name":"functions"},"message":"[runtime-status] [7604] Outgoing network have been stubbed. [{\"name\":\"http\",\"status\":\"mocked\"},{\"name\":\"http\",\"status\":\"mocked\"},{\"name\":\"https\",\"status\":\"mocked\"},{\"name\":\"https\",\"status\":\"mocked\"},{\"name\":\"net\",\"status\":\"mocked\"}]"}}
[debug] [2020-10-25T10:54:43.821Z] [runtime-status] [7604] Resolved module firebase-functions {"declared":true,"installed":true,"version":"3.11.0","resolution":"C:\\Users\\ps-ms-bc\\Desktop\\js test\\amazon clone\\ecom-store\\functions\\node_modules\\firebase-functions\\lib\\index.js"} {"metadata":{"emulator":{"name":"functions"},"message":"[runtime-status] [7604] Resolved module firebase-functions {\"declared\":true,\"installed\":true,\"version\":\"3.11.0\",\"resolution\":\"C:\\\\Users\\\\ps-ms-bc\\\\Desktop\\\\js test\\\\amazon clone\\\\ecom-store\\\\functions\\\\node_modules\\\\firebase-functions\\\\lib\\\\index.js\"}"}}
[debug] [2020-10-25T10:54:43.929Z] [runtime-status] [7604] Checked functions.config() {"config":{}} {"metadata":{"emulator":{"name":"functions"},"message":"[runtime-status] [7604] Checked functions.config() {\"config\":{}}"}}
[debug] [2020-10-25T10:54:43.929Z] [runtime-status] [7604] firebase-functions has been stubbed. {"functionsResolution":{"declared":true,"installed":true,"version":"3.11.0","resolution":"C:\\Users\\ps-ms-bc\\Desktop\\js test\\amazon clone\\ecom-store\\functions\\node_modules\\firebase-functions\\lib\\index.js"}} {"metadata":{"emulator":{"name":"functions"},"message":"[runtime-status] [7604] firebase-functions has been stubbed. {\"functionsResolution\":{\"declared\":true,\"installed\":true,\"version\":\"3.11.0\",\"resolution\":\"C:\\\\Users\\\\ps-ms-bc\\\\Desktop\\\\js test\\\\amazon clone\\\\ecom-store\\\\functions\\\\node_modules\\\\firebase-functions\\\\lib\\\\index.js\"}}"}}
[debug] [2020-10-25T10:54:43.930Z] [runtime-status] [7604] Resolved module firebase-functions {"declared":true,"installed":true,"version":"3.11.0","resolution":"C:\\Users\\ps-ms-bc\\Desktop\\js test\\amazon clone\\ecom-store\\functions\\node_modules\\firebase-functions\\lib\\index.js"} {"metadata":{"emulator":{"name":"functions"},"message":"[runtime-status] [7604] Resolved module firebase-functions {\"declared\":true,\"installed\":true,\"version\":\"3.11.0\",\"resolution\":\"C:\\\\Users\\\\ps-ms-bc\\\\Desktop\\\\js test\\\\amazon clone\\\\ecom-store\\\\functions\\\\node_modules\\\\firebase-functions\\\\lib\\\\index.js\"}"}}
[debug] [2020-10-25T10:54:43.933Z] [runtime-status] [7604] Resolved module firebase-admin {"declared":true,"installed":true,"version":"9.3.0","resolution":"C:\\Users\\ps-ms-bc\\Desktop\\js test\\amazon clone\\ecom-store\\functions\\node_modules\\firebase-admin\\lib\\index.js"} {"metadata":{"emulator":{"name":"functions"},"message":"[runtime-status] [7604] Resolved module firebase-admin {\"declared\":true,\"installed\":true,\"version\":\"9.3.0\",\"resolution\":\"C:\\\\Users\\\\ps-ms-bc\\\\Desktop\\\\js test\\\\amazon clone\\\\ecom-store\\\\functions\\\\node_modules\\\\firebase-admin\\\\lib\\\\index.js\"}"}}
[debug] [2020-10-25T10:54:43.935Z] [runtime-status] [7604] Resolved module firebase-functions {"declared":true,"installed":true,"version":"3.11.0","resolution":"C:\\Users\\ps-ms-bc\\Desktop\\js test\\amazon clone\\ecom-store\\functions\\node_modules\\firebase-functions\\lib\\index.js"} {"metadata":{"emulator":{"name":"functions"},"message":"[runtime-status] [7604] Resolved module firebase-functions {\"declared\":true,\"installed\":true,\"version\":\"3.11.0\",\"resolution\":\"C:\\\\Users\\\\ps-ms-bc\\\\Desktop\\\\js test\\\\amazon clone\\\\ecom-store\\\\functions\\\\node_modules\\\\firebase-functions\\\\lib\\\\index.js\"}"}}
[debug] [2020-10-25T10:54:43.935Z] [runtime-status] [7604] firebase-admin has been stubbed. {"adminResolution":{"declared":true,"installed":true,"version":"9.3.0","resolution":"C:\\Users\\ps-ms-bc\\Desktop\\js test\\amazon clone\\ecom-store\\functions\\node_modules\\firebase-admin\\lib\\index.js"}} {"metadata":{"emulator":{"name":"functions"},"message":"[runtime-status] [7604] firebase-admin has been stubbed. {\"adminResolution\":{\"declared\":true,\"installed\":true,\"version\":\"9.3.0\",\"resolution\":\"C:\\\\Users\\\\ps-ms-bc\\\\Desktop\\\\js test\\\\amazon clone\\\\ecom-store\\\\functions\\\\node_modules\\\\firebase-admin\\\\lib\\\\index.js\"}}"}}
[info] +  functions[api]: http function initialized (http://localhost:5001/ecom-store-b501f/us-central1/api). {"metadata":{"emulator":{"name":"functions"},"message":"\u001b[1mhttp\u001b[22m function initialized (http://localhost:5001/ecom-store-b501f/us-central1/api)."}}
[info] 
┌───────────────────────────────────────────────────────────────────────┐
│ ✔  All emulators ready! View status and logs at http://localhost:4000 │
└───────────────────────────────────────────────────────────────────────┘

┌───────────┬────────────────┬─────────────────────────────────┐
│ Emulator  │ Host:Port      │ View in Emulator UI             │
├───────────┼────────────────┼─────────────────────────────────┤
│ Functions │ localhost:5001 │ http://localhost:4000/functions │
├───────────┼────────────────┼─────────────────────────────────┤
│ Hosting   │ localhost:5000 │ n/a                             │
└───────────┴────────────────┴─────────────────────────────────┘
  Other reserved ports: 4400, 4500

Issues? Report them at https://github.com/firebase/firebase-tools/issues and attach the *-debug.log files.
 
[debug] [2020-10-25T10:54:44.424Z] [worker-~diagnostic~-0ce0af30-22da-45eb-a36b-6c874c53c577]: IDLE {"metadata":{"emulator":{"name":"functions"},"message":"[worker-~diagnostic~-0ce0af30-22da-45eb-a36b-6c874c53c577]: IDLE"}}
[debug] [2020-10-25T10:55:26.076Z] [work-queue] {"queueLength":1,"workRunningCount":0}
[debug] [2020-10-25T10:55:26.078Z] [work-queue] {"queueLength":0,"workRunningCount":1}
[debug] [2020-10-25T10:55:26.080Z] Accepted request POST /ecom-store-b501f/us-central1/api/payments/create?total=6917 --> api
[debug] [2020-10-25T10:55:26.092Z] [worker-pool] addWorker(api) {"metadata":{"emulator":{"name":"functions"},"message":"[worker-pool] addWorker(api)"}}
[debug] [2020-10-25T10:55:26.093Z] [worker-pool] Adding worker with key api, total=1 {"metadata":{"emulator":{"name":"functions"},"message":"[worker-pool] Adding worker with key api, total=1"}}
[debug] [2020-10-25T10:55:26.093Z] [worker-pool] submitWork(triggerId=api) {"metadata":{"emulator":{"name":"functions"},"message":"[worker-pool] submitWork(triggerId=api)"}}
[debug] [2020-10-25T10:55:26.094Z] [worker-api-75d840a9-6513-4a9f-969d-802696bf2d99]: Assigning socketPath: \\?\pipe\C:\Users\ps-ms-bc\Desktop\js test\amazon clone\ecom-store\functions\14892 {"metadata":{"emulator":{"name":"functions"},"message":"[worker-api-75d840a9-6513-4a9f-969d-802696bf2d99]: Assigning socketPath: \\\\?\\pipe\\C:\\Users\\ps-ms-bc\\Desktop\\js test\\amazon clone\\ecom-store\\functions\\14892"}}
[debug] [2020-10-25T10:55:26.094Z] [worker-api-75d840a9-6513-4a9f-969d-802696bf2d99]: BUSY {"metadata":{"emulator":{"name":"functions"},"message":"[worker-api-75d840a9-6513-4a9f-969d-802696bf2d99]: BUSY"}}
[debug] [2020-10-25T10:55:27.354Z] [runtime-status] [14892] Functions runtime initialized. {"cwd":"C:\\Users\\ps-ms-bc\\Desktop\\js test\\amazon clone\\ecom-store\\functions","node_version":"12.16.2"} {"metadata":{"emulator":{"name":"functions"},"function":{"name":"api"},"message":"[runtime-status] [14892] Functions runtime initialized. {\"cwd\":\"C:\\\\Users\\\\ps-ms-bc\\\\Desktop\\\\js test\\\\amazon clone\\\\ecom-store\\\\functions\",\"node_version\":\"12.16.2\"}"}}
[debug] [2020-10-25T10:55:27.412Z] [runtime-status] [14892] Disabled runtime features: undefined {"metadata":{"emulator":{"name":"functions"},"function":{"name":"api"},"message":"[runtime-status] [14892] Disabled runtime features: undefined"}}
[debug] [2020-10-25T10:55:27.442Z] [runtime-status] [14892] Resolved module firebase-admin {"declared":true,"installed":true,"version":"9.3.0","resolution":"C:\\Users\\ps-ms-bc\\Desktop\\js test\\amazon clone\\ecom-store\\functions\\node_modules\\firebase-admin\\lib\\index.js"} {"metadata":{"emulator":{"name":"functions"},"function":{"name":"api"},"message":"[runtime-status] [14892] Resolved module firebase-admin {\"declared\":true,\"installed\":true,\"version\":\"9.3.0\",\"resolution\":\"C:\\\\Users\\\\ps-ms-bc\\\\Desktop\\\\js test\\\\amazon clone\\\\ecom-store\\\\functions\\\\node_modules\\\\firebase-admin\\\\lib\\\\index.js\"}"}}
[debug] [2020-10-25T10:55:27.448Z] [runtime-status] [14892] Resolved module firebase-functions {"declared":true,"installed":true,"version":"3.11.0","resolution":"C:\\Users\\ps-ms-bc\\Desktop\\js test\\amazon clone\\ecom-store\\functions\\node_modules\\firebase-functions\\lib\\index.js"} {"metadata":{"emulator":{"name":"functions"},"function":{"name":"api"},"message":"[runtime-status] [14892] Resolved module firebase-functions {\"declared\":true,\"installed\":true,\"version\":\"3.11.0\",\"resolution\":\"C:\\\\Users\\\\ps-ms-bc\\\\Desktop\\\\js test\\\\amazon clone\\\\ecom-store\\\\functions\\\\node_modules\\\\firebase-functions\\\\lib\\\\index.js\"}"}}
[debug] [2020-10-25T10:55:27.451Z] [runtime-status] [14892] Resolved module firebase-functions {"declared":true,"installed":true,"version":"3.11.0","resolution":"C:\\Users\\ps-ms-bc\\Desktop\\js test\\amazon clone\\ecom-store\\functions\\node_modules\\firebase-functions\\lib\\index.js"} {"metadata":{"emulator":{"name":"functions"},"function":{"name":"api"},"message":"[runtime-status] [14892] Resolved module firebase-functions {\"declared\":true,\"installed\":true,\"version\":\"3.11.0\",\"resolution\":\"C:\\\\Users\\\\ps-ms-bc\\\\Desktop\\\\js test\\\\amazon clone\\\\ecom-store\\\\functions\\\\node_modules\\\\firebase-functions\\\\lib\\\\index.js\"}"}}
[debug] [2020-10-25T10:55:27.457Z] [runtime-status] [14892] Outgoing network have been stubbed. [{"name":"http","status":"mocked"},{"name":"http","status":"mocked"},{"name":"https","status":"mocked"},{"name":"https","status":"mocked"},{"name":"net","status":"mocked"}] {"metadata":{"emulator":{"name":"functions"},"function":{"name":"api"},"message":"[runtime-status] [14892] Outgoing network have been stubbed. [{\"name\":\"http\",\"status\":\"mocked\"},{\"name\":\"http\",\"status\":\"mocked\"},{\"name\":\"https\",\"status\":\"mocked\"},{\"name\":\"https\",\"status\":\"mocked\"},{\"name\":\"net\",\"status\":\"mocked\"}]"}}
[debug] [2020-10-25T10:55:27.459Z] [runtime-status] [14892] Resolved module firebase-functions {"declared":true,"installed":true,"version":"3.11.0","resolution":"C:\\Users\\ps-ms-bc\\Desktop\\js test\\amazon clone\\ecom-store\\functions\\node_modules\\firebase-functions\\lib\\index.js"} {"metadata":{"emulator":{"name":"functions"},"function":{"name":"api"},"message":"[runtime-status] [14892] Resolved module firebase-functions {\"declared\":true,\"installed\":true,\"version\":\"3.11.0\",\"resolution\":\"C:\\\\Users\\\\ps-ms-bc\\\\Desktop\\\\js test\\\\amazon clone\\\\ecom-store\\\\functions\\\\node_modules\\\\firebase-functions\\\\lib\\\\index.js\"}"}}
[debug] [2020-10-25T10:55:27.640Z] [runtime-status] [14892] Checked functions.config() {"config":{}} {"metadata":{"emulator":{"name":"functions"},"function":{"name":"api"},"message":"[runtime-status] [14892] Checked functions.config() {\"config\":{}}"}}
[debug] [2020-10-25T10:55:27.641Z] [runtime-status] [14892] firebase-functions has been stubbed. {"functionsResolution":{"declared":true,"installed":true,"version":"3.11.0","resolution":"C:\\Users\\ps-ms-bc\\Desktop\\js test\\amazon clone\\ecom-store\\functions\\node_modules\\firebase-functions\\lib\\index.js"}} {"metadata":{"emulator":{"name":"functions"},"function":{"name":"api"},"message":"[runtime-status] [14892] firebase-functions has been stubbed. {\"functionsResolution\":{\"declared\":true,\"installed\":true,\"version\":\"3.11.0\",\"resolution\":\"C:\\\\Users\\\\ps-ms-bc\\\\Desktop\\\\js test\\\\amazon clone\\\\ecom-store\\\\functions\\\\node_modules\\\\firebase-functions\\\\lib\\\\index.js\"}}"}}
[debug] [2020-10-25T10:55:27.645Z] [runtime-status] [14892] Resolved module firebase-functions {"declared":true,"installed":true,"version":"3.11.0","resolution":"C:\\Users\\ps-ms-bc\\Desktop\\js test\\amazon clone\\ecom-store\\functions\\node_modules\\firebase-functions\\lib\\index.js"} {"metadata":{"emulator":{"name":"functions"},"function":{"name":"api"},"message":"[runtime-status] [14892] Resolved module firebase-functions {\"declared\":true,\"installed\":true,\"version\":\"3.11.0\",\"resolution\":\"C:\\\\Users\\\\ps-ms-bc\\\\Desktop\\\\js test\\\\amazon clone\\\\ecom-store\\\\functions\\\\node_modules\\\\firebase-functions\\\\lib\\\\index.js\"}"}}
[debug] [2020-10-25T10:55:27.649Z] [runtime-status] [14892] Resolved module firebase-admin {"declared":true,"installed":true,"version":"9.3.0","resolution":"C:\\Users\\ps-ms-bc\\Desktop\\js test\\amazon clone\\ecom-store\\functions\\node_modules\\firebase-admin\\lib\\index.js"} {"metadata":{"emulator":{"name":"functions"},"function":{"name":"api"},"message":"[runtime-status] [14892] Resolved module firebase-admin {\"declared\":true,\"installed\":true,\"version\":\"9.3.0\",\"resolution\":\"C:\\\\Users\\\\ps-ms-bc\\\\Desktop\\\\js test\\\\amazon clone\\\\ecom-store\\\\functions\\\\node_modules\\\\firebase-admin\\\\lib\\\\index.js\"}"}}
[debug] [2020-10-25T10:55:27.654Z] [runtime-status] [14892] Resolved module firebase-functions {"declared":true,"installed":true,"version":"3.11.0","resolution":"C:\\Users\\ps-ms-bc\\Desktop\\js test\\amazon clone\\ecom-store\\functions\\node_modules\\firebase-functions\\lib\\index.js"} {"metadata":{"emulator":{"name":"functions"},"function":{"name":"api"},"message":"[runtime-status] [14892] Resolved module firebase-functions {\"declared\":true,\"installed\":true,\"version\":\"3.11.0\",\"resolution\":\"C:\\\\Users\\\\ps-ms-bc\\\\Desktop\\\\js test\\\\amazon clone\\\\ecom-store\\\\functions\\\\node_modules\\\\firebase-functions\\\\lib\\\\index.js\"}"}}
[debug] [2020-10-25T10:55:27.655Z] [runtime-status] [14892] firebase-admin has been stubbed. {"adminResolution":{"declared":true,"installed":true,"version":"9.3.0","resolution":"C:\\Users\\ps-ms-bc\\Desktop\\js test\\amazon clone\\ecom-store\\functions\\node_modules\\firebase-admin\\lib\\index.js"}} {"metadata":{"emulator":{"name":"functions"},"function":{"name":"api"},"message":"[runtime-status] [14892] firebase-admin has been stubbed. {\"adminResolution\":{\"declared\":true,\"installed\":true,\"version\":\"9.3.0\",\"resolution\":\"C:\\\\Users\\\\ps-ms-bc\\\\Desktop\\\\js test\\\\amazon clone\\\\ecom-store\\\\functions\\\\node_modules\\\\firebase-admin\\\\lib\\\\index.js\"}}"}}
[debug] [2020-10-25T10:55:28.141Z] [runtime-status] [14892] Trigger "api" has been found, beginning invocation! {"metadata":{"emulator":{"name":"functions"},"function":{"name":"api"},"message":"[runtime-status] [14892] Trigger \"api\" has been found, beginning invocation!"}}
[info] i  functions: Beginning execution of "api" {"metadata":{"emulator":{"name":"functions"},"function":{"name":"api"},"message":"Beginning execution of \"api\""}}
[debug] [2020-10-25T10:55:28.145Z] [runtime-status] [14892] triggerDefinition {"httpsTrigger":{},"name":"api","entryPoint":"api"} {"metadata":{"emulator":{"name":"functions"},"function":{"name":"api"},"message":"[runtime-status] [14892] triggerDefinition {\"httpsTrigger\":{},\"name\":\"api\",\"entryPoint\":\"api\"}"}}
[debug] [2020-10-25T10:55:28.146Z] [runtime-status] [14892] Running api in mode HTTPS {"metadata":{"emulator":{"name":"functions"},"function":{"name":"api"},"message":"[runtime-status] [14892] Running api in mode HTTPS"}}
[debug] [2020-10-25T10:55:28.171Z] [runtime-status] [14892] Attempting to listen to socketPath: \\?\pipe\C:\Users\ps-ms-bc\Desktop\js test\amazon clone\ecom-store\functions\14892 {"metadata":{"emulator":{"name":"functions"},"function":{"name":"api"},"message":"[runtime-status] [14892] Attempting to listen to socketPath: \\\\?\\pipe\\C:\\Users\\ps-ms-bc\\Desktop\\js test\\amazon clone\\ecom-store\\functions\\14892"}}
[debug] [2020-10-25T10:55:28.190Z] [functions] Runtime ready! Sending request! {"metadata":{"emulator":{"name":"functions"},"message":"[functions] Runtime ready! Sending request!"}}
[debug] [2020-10-25T10:55:28.217Z] [runtime-status] [14892] Ephemeral server handling POST request {"metadata":{"emulator":{"name":"functions"},"function":{"name":"api"},"message":"[runtime-status] [14892] Ephemeral server handling POST request"}}
[info] >  Payment Request Received for this amount >>> 6917 {"user":"Payment Request Received for this amount >>> 6917","metadata":{"emulator":{"name":"functions"},"function":{"name":"api"},"message":"\u001b[90m> \u001b[39m Payment Request Received for this amount >>> 6917"}}
[debug] [2020-10-25T10:55:28.253Z] [runtime-status] [14892] Ephemeral server survived. {"metadata":{"emulator":{"name":"functions"},"function":{"name":"api"},"message":"[runtime-status] [14892] Ephemeral server survived."}}
[info] i  functions: Finished "api" in ~2s {"metadata":{"emulator":{"name":"functions"},"function":{"name":"api"},"message":"Finished \"api\" in ~2s"}}
[debug] [2020-10-25T10:55:30.266Z] [worker-api-75d840a9-6513-4a9f-969d-802696bf2d99]: IDLE {"metadata":{"emulator":{"name":"functions"},"message":"[worker-api-75d840a9-6513-4a9f-969d-802696bf2d99]: IDLE"}}
[debug] [2020-10-25T10:55:30.266Z] [work-queue] {"queueLength":0,"workRunningCount":0}
[debug] [2020-10-25T10:55:45.118Z] [work-queue] {"queueLength":1,"workRunningCount":0}
[debug] [2020-10-25T10:55:45.118Z] [work-queue] {"queueLength":0,"workRunningCount":1}
[debug] [2020-10-25T10:55:45.119Z] Accepted request POST /ecom-store-b501f/us-central1/api/payments/create?total=0 --> api
[debug] [2020-10-25T10:55:45.119Z] [worker-pool] submitWork(triggerId=api) {"metadata":{"emulator":{"name":"functions"},"message":"[worker-pool] submitWork(triggerId=api)"}}
[debug] [2020-10-25T10:55:45.119Z] [worker-api-75d840a9-6513-4a9f-969d-802696bf2d99]: Assigning socketPath: \\?\pipe\C:\Users\ps-ms-bc\Desktop\js test\amazon clone\ecom-store\functions\14892 {"metadata":{"emulator":{"name":"functions"},"message":"[worker-api-75d840a9-6513-4a9f-969d-802696bf2d99]: Assigning socketPath: \\\\?\\pipe\\C:\\Users\\ps-ms-bc\\Desktop\\js test\\amazon clone\\ecom-store\\functions\\14892"}}
[debug] [2020-10-25T10:55:45.120Z] [worker-api-75d840a9-6513-4a9f-969d-802696bf2d99]: BUSY {"metadata":{"emulator":{"name":"functions"},"message":"[worker-api-75d840a9-6513-4a9f-969d-802696bf2d99]: BUSY"}}
[debug] [2020-10-25T10:55:45.121Z] [runtime-status] [14892] Trigger "api" has been found, beginning invocation! {"metadata":{"emulator":{"name":"functions"},"function":{"name":"api"},"message":"[runtime-status] [14892] Trigger \"api\" has been found, beginning invocation!"}}
[info] i  functions: Beginning execution of "api" {"metadata":{"emulator":{"name":"functions"},"function":{"name":"api"},"message":"Beginning execution of \"api\""}}
[debug] [2020-10-25T10:55:45.133Z] [runtime-status] [14892] triggerDefinition {"httpsTrigger":{},"name":"api","entryPoint":"api"} {"metadata":{"emulator":{"name":"functions"},"function":{"name":"api"},"message":"[runtime-status] [14892] triggerDefinition {\"httpsTrigger\":{},\"name\":\"api\",\"entryPoint\":\"api\"}"}}
[debug] [2020-10-25T10:55:45.134Z] [runtime-status] [14892] Running api in mode HTTPS {"metadata":{"emulator":{"name":"functions"},"function":{"name":"api"},"message":"[runtime-status] [14892] Running api in mode HTTPS"}}
[debug] [2020-10-25T10:55:45.134Z] [runtime-status] [14892] Attempting to listen to socketPath: \\?\pipe\C:\Users\ps-ms-bc\Desktop\js test\amazon clone\ecom-store\functions\14892 {"metadata":{"emulator":{"name":"functions"},"function":{"name":"api"},"message":"[runtime-status] [14892] Attempting to listen to socketPath: \\\\?\\pipe\\C:\\Users\\ps-ms-bc\\Desktop\\js test\\amazon clone\\ecom-store\\functions\\14892"}}
[debug] [2020-10-25T10:55:45.138Z] [functions] Runtime ready! Sending request! {"metadata":{"emulator":{"name":"functions"},"message":"[functions] Runtime ready! Sending request!"}}
[debug] [2020-10-25T10:55:45.150Z] [runtime-status] [14892] Ephemeral server handling POST request {"metadata":{"emulator":{"name":"functions"},"function":{"name":"api"},"message":"[runtime-status] [14892] Ephemeral server handling POST request"}}
[info] >  Payment Request Received for this amount >>> 0 {"user":"Payment Request Received for this amount >>> 0","metadata":{"emulator":{"name":"functions"},"function":{"name":"api"},"message":"\u001b[90m> \u001b[39m Payment Request Received for this amount >>> 0"}}
[debug] [2020-10-25T10:55:45.156Z] [runtime-status] [14892] Ephemeral server survived. {"metadata":{"emulator":{"name":"functions"},"function":{"name":"api"},"message":"[runtime-status] [14892] Ephemeral server survived."}}
[info] >  (node:14892) UnhandledPromiseRejectionWarning: Error: This value must be greater than or equal to 1. {"user":"(node:14892) UnhandledPromiseRejectionWarning: Error: This value must be greater than or equal to 1.","metadata":{"emulator":{"name":"functions"},"function":{"name":"api"},"message":"\u001b[90m> \u001b[39m (node:14892) UnhandledPromiseRejectionWarning: Error: This value must be greater than or equal to 1."}}
[info] >      at Function.generate (C:\Users\ps-ms-bc\Desktop\js test\amazon clone\ecom-store\functions\node_modules\stripe\lib\Error.js:39:16) {"user":"    at Function.generate (C:\\Users\\ps-ms-bc\\Desktop\\js test\\amazon clone\\ecom-store\\functions\\node_modules\\stripe\\lib\\Error.js:39:16)","metadata":{"emulator":{"name":"functions"},"function":{"name":"api"},"message":"\u001b[90m> \u001b[39m     at Function.generate (C:\\Users\\ps-ms-bc\\Desktop\\js test\\amazon clone\\ecom-store\\functions\\node_modules\\stripe\\lib\\Error.js:39:16)"}}
[info] >      at IncomingMessage.<anonymous> (C:\Users\ps-ms-bc\Desktop\js test\amazon clone\ecom-store\functions\node_modules\stripe\lib\StripeResource.js:190:33) {"user":"    at IncomingMessage.<anonymous> (C:\\Users\\ps-ms-bc\\Desktop\\js test\\amazon clone\\ecom-store\\functions\\node_modules\\stripe\\lib\\StripeResource.js:190:33)","metadata":{"emulator":{"name":"functions"},"function":{"name":"api"},"message":"\u001b[90m> \u001b[39m     at IncomingMessage.<anonymous> (C:\\Users\\ps-ms-bc\\Desktop\\js test\\amazon clone\\ecom-store\\functions\\node_modules\\stripe\\lib\\StripeResource.js:190:33)"}}
[info] >      at Object.onceWrapper (events.js:416:28) {"user":"    at Object.onceWrapper (events.js:416:28)","metadata":{"emulator":{"name":"functions"},"function":{"name":"api"},"message":"\u001b[90m> \u001b[39m     at Object.onceWrapper (events.js:416:28)"}}
[info] >      at IncomingMessage.emit (events.js:322:22) {"user":"    at IncomingMessage.emit (events.js:322:22)","metadata":{"emulator":{"name":"functions"},"function":{"name":"api"},"message":"\u001b[90m> \u001b[39m     at IncomingMessage.emit (events.js:322:22)"}}
[info] >      at endReadableNT (_stream_readable.js:1187:12) {"user":"    at endReadableNT (_stream_readable.js:1187:12)","metadata":{"emulator":{"name":"functions"},"function":{"name":"api"},"message":"\u001b[90m> \u001b[39m     at endReadableNT (_stream_readable.js:1187:12)"}}
[info] >      at processTicksAndRejections (internal/process/task_queues.js:84:21) {"user":"    at processTicksAndRejections (internal/process/task_queues.js:84:21)","metadata":{"emulator":{"name":"functions"},"function":{"name":"api"},"message":"\u001b[90m> \u001b[39m     at processTicksAndRejections (internal/process/task_queues.js:84:21)"}}
[info] >  (node:14892) UnhandledPromiseRejectionWarning: Unhandled promise rejection. This error originated either by throwing inside of an async function without a catch block, or by rejecting a promise which was not handled with .catch(). To terminate the node process on unhandled promise rejection, use the CLI flag `--unhandled-rejections=strict` (see https://nodejs.org/api/cli.html#cli_unhandled_rejections_mode). (rejection id: 1) {"user":"(node:14892) UnhandledPromiseRejectionWarning: Unhandled promise rejection. This error originated either by throwing inside of an async function without a catch block, or by rejecting a promise which was not handled with .catch(). To terminate the node process on unhandled promise rejection, use the CLI flag `--unhandled-rejections=strict` (see https://nodejs.org/api/cli.html#cli_unhandled_rejections_mode). (rejection id: 1)","metadata":{"emulator":{"name":"functions"},"function":{"name":"api"},"message":"\u001b[90m> \u001b[39m (node:14892) UnhandledPromiseRejectionWarning: Unhandled promise rejection. This error originated either by throwing inside of an async function without a catch block, or by rejecting a promise which was not handled with .catch(). To terminate the node process on unhandled promise rejection, use the CLI flag `--unhandled-rejections=strict` (see https://nodejs.org/api/cli.html#cli_unhandled_rejections_mode). (rejection id: 1)"}}
[info] >  (node:14892) [DEP0018] DeprecationWarning: Unhandled promise rejections are deprecated. In the future, promise rejections that are not handled will terminate the Node.js process with a non-zero exit code. {"user":"(node:14892) [DEP0018] DeprecationWarning: Unhandled promise rejections are deprecated. In the future, promise rejections that are not handled will terminate the Node.js process with a non-zero exit code.","metadata":{"emulator":{"name":"functions"},"function":{"name":"api"},"message":"\u001b[90m> \u001b[39m (node:14892) [DEP0018] DeprecationWarning: Unhandled promise rejections are deprecated. In the future, promise rejections that are not handled will terminate the Node.js process with a non-zero exit code."}}
[warn] !  functions: Your function timed out after ~60s. To configure this timeout, see
      https://firebase.google.com/docs/functions/manage-functions#set_timeout_and_memory_allocation. {"metadata":{"emulator":{"name":"functions"},"function":{"name":"api"},"message":"Your function timed out after ~60s. To configure this timeout, see\n      https://firebase.google.com/docs/functions/manage-functions#set_timeout_and_memory_allocation."}}
[info] >  C:\Users\ps-ms-bc\AppData\Roaming\npm\node_modules\firebase-tools\lib\emulator\functionsEmulatorRuntime.js:642 {"user":"C:\\Users\\ps-ms-bc\\AppData\\Roaming\\npm\\node_modules\\firebase-tools\\lib\\emulator\\functionsEmulatorRuntime.js:642\r","metadata":{"emulator":{"name":"functions"},"function":{"name":"api"},"message":"\u001b[90m> \u001b[39m C:\\Users\\ps-ms-bc\\AppData\\Roaming\\npm\\node_modules\\firebase-tools\\lib\\emulator\\functionsEmulatorRuntime.js:642\r"}}
[info] >                  throw new Error("Function timed out."); {"user":"                throw new Error(\"Function timed out.\");\r","metadata":{"emulator":{"name":"functions"},"function":{"name":"api"},"message":"\u001b[90m> \u001b[39m                 throw new Error(\"Function timed out.\");\r"}}
[info] >                  ^ {"user":"                ^\r","metadata":{"emulator":{"name":"functions"},"function":{"name":"api"},"message":"\u001b[90m> \u001b[39m                 ^\r"}}
[info] >   {"user":"\r","metadata":{"emulator":{"name":"functions"},"function":{"name":"api"},"message":"\u001b[90m> \u001b[39m \r"}}
[info] >  Error: Function timed out. {"user":"Error: Function timed out.\r","metadata":{"emulator":{"name":"functions"},"function":{"name":"api"},"message":"\u001b[90m> \u001b[39m Error: Function timed out.\r"}}
[info] >      at Timeout._onTimeout (C:\Users\ps-ms-bc\AppData\Roaming\npm\node_modules\firebase-tools\lib\emulator\functionsEmulatorRuntime.js:642:23) {"user":"    at Timeout._onTimeout (C:\\Users\\ps-ms-bc\\AppData\\Roaming\\npm\\node_modules\\firebase-tools\\lib\\emulator\\functionsEmulatorRuntime.js:642:23)\r","metadata":{"emulator":{"name":"functions"},"function":{"name":"api"},"message":"\u001b[90m> \u001b[39m     at Timeout._onTimeout (C:\\Users\\ps-ms-bc\\AppData\\Roaming\\npm\\node_modules\\firebase-tools\\lib\\emulator\\functionsEmulatorRuntime.js:642:23)\r"}}
[info] >      at listOnTimeout (internal/timers.js:549:17) {"user":"    at listOnTimeout (internal/timers.js:549:17)\r","metadata":{"emulator":{"name":"functions"},"function":{"name":"api"},"message":"\u001b[90m> \u001b[39m     at listOnTimeout (internal/timers.js:549:17)\r"}}
[info] >      at processTimers (internal/timers.js:492:7) {"user":"    at processTimers (internal/timers.js:492:7)\r","metadata":{"emulator":{"name":"functions"},"function":{"name":"api"},"message":"\u001b[90m> \u001b[39m     at processTimers (internal/timers.js:492:7)\r"}}
[debug] [2020-10-25T10:56:45.181Z] [worker-api-75d840a9-6513-4a9f-969d-802696bf2d99]: exited {"metadata":{"emulator":{"name":"functions"},"message":"[worker-api-75d840a9-6513-4a9f-969d-802696bf2d99]: exited"}}
[debug] [2020-10-25T10:56:45.181Z] [worker-api-75d840a9-6513-4a9f-969d-802696bf2d99]: FINISHED {"metadata":{"emulator":{"name":"functions"},"message":"[worker-api-75d840a9-6513-4a9f-969d-802696bf2d99]: FINISHED"}}
[debug] [2020-10-25T10:56:45.181Z] [work-queue] {"queueLength":0,"workRunningCount":0}
